0 info it worked if it ends with ok
1 verbose cli [ '/home/mh/.nvm/v0.10.37/bin/node',
1 verbose cli   '/home/mh/.nvm/v0.10.37/bin/npm',
1 verbose cli   'install',
1 verbose cli   'socket-io' ]
2 info using npm@1.4.28
3 info using node@v0.10.37
4 warn package.json order@ No repository field.
5 warn package.json order@ No README data
6 warn package.json JSV@4.0.2 'repositories' (plural) Not supported. Please pick one as the 'repository' field
7 warn package.json asap@1.0.0 No repository field.
8 warn package.json callsite@1.0.0 No repository field.
9 warn package.json dateformat@1.0.2-1.2.3 No repository field.
10 warn package.json eyes@0.1.8 No repository field.
11 warn package.json faye-websocket@0.4.4 'repositories' (plural) Not supported. Please pick one as the 'repository' field
12 warn package.json has-binary@0.1.7 No repository field.
13 warn package.json indexof@0.0.1 No repository field.
14 warn package.json object-component@0.0.3 No repository field.
15 warn package.json parsejson@0.0.1 No repository field.
16 warn package.json parseqs@0.0.2 No repository field.
17 warn package.json pause@0.0.1 No repository field.
18 warn package.json sails-generate-adapter@0.10.5 No repository field.
19 warn package.json sails-generate-api@0.10.0 No repository field.
20 warn package.json sails-generate-controller@0.10.9 No repository field.
21 warn package.json sails-generate-frontend@0.11.7 No repository field.
22 warn package.json sails-generate-gruntfile@0.10.10 No repository field.
23 warn package.json sails-generate-model@0.10.12 No repository field.
24 warn package.json sails-generate-new@0.10.26 No repository field.
25 warn package.json sails-generate-sails.io.js@0.12.5 No repository field.
26 warn package.json sails-generate-views@0.10.8 No repository field.
27 warn package.json string_decoder@0.10.31 string_decoder is also the name of a node core module.
28 warn package.json waterline-cursor@0.0.6 No repository field.
29 verbose readDependencies using package.json deps
30 verbose cache add [ 'socket-io', null ]
31 verbose cache add name=undefined spec="socket-io" args=["socket-io",null]
32 verbose parsed url { protocol: null,
32 verbose parsed url   slashes: null,
32 verbose parsed url   auth: null,
32 verbose parsed url   host: null,
32 verbose parsed url   port: null,
32 verbose parsed url   hostname: null,
32 verbose parsed url   hash: null,
32 verbose parsed url   search: null,
32 verbose parsed url   query: null,
32 verbose parsed url   pathname: 'socket-io',
32 verbose parsed url   path: 'socket-io',
32 verbose parsed url   href: 'socket-io' }
33 silly lockFile 2c2f14e9-socket-io socket-io
34 verbose lock socket-io /home/mh/.npm/2c2f14e9-socket-io.lock
35 silly lockFile 2c2f14e9-socket-io socket-io
36 silly lockFile 2c2f14e9-socket-io socket-io
37 verbose addNamed [ 'socket-io', '' ]
38 verbose addNamed [ null, '*' ]
39 silly lockFile d2f5c91d-socket-io socket-io@
40 verbose lock socket-io@ /home/mh/.npm/d2f5c91d-socket-io.lock
41 silly addNameRange { name: 'socket-io', range: '*', hasData: false }
42 verbose request where is /socket-io
43 verbose request registry https://registry.npmjs.org/
44 verbose request id c5518aad58aa5cb6
45 verbose url raw /socket-io
46 verbose url resolving [ 'https://registry.npmjs.org/', './socket-io' ]
47 verbose url resolved https://registry.npmjs.org/socket-io
48 verbose request where is https://registry.npmjs.org/socket-io
49 info trying registry request attempt 1 at 08:08:55
50 http GET https://registry.npmjs.org/socket-io
51 http 404 https://registry.npmjs.org/socket-io
52 silly registry.get cb [ 404,
52 silly registry.get   { 'content-type': 'application/json',
52 silly registry.get     'cache-control': 'max-age=0',
52 silly registry.get     'content-length': '2',
52 silly registry.get     'accept-ranges': 'bytes',
52 silly registry.get     date: 'Thu, 14 Apr 2016 06:08:57 GMT',
52 silly registry.get     via: '1.1 varnish',
52 silly registry.get     age: '0',
52 silly registry.get     connection: 'keep-alive',
52 silly registry.get     'x-served-by': 'cache-lhr6334-LHR',
52 silly registry.get     'x-cache': 'MISS',
52 silly registry.get     'x-cache-hits': '0',
52 silly registry.get     'x-timer': 'S1460614137.185685,VS0,VE93',
52 silly registry.get     vary: 'Accept-Encoding' } ]
53 silly lockFile d2f5c91d-socket-io socket-io@
54 silly lockFile d2f5c91d-socket-io socket-io@
55 error 404 Not Found
55 error 404
55 error 404 'socket-io' is not in the npm registry.
55 error 404 You should bug the author to publish it
55 error 404 It was specified as a dependency of 'order'
55 error 404
55 error 404 Note that you can also install from a
55 error 404 tarball, folder, or http url, or git url.
56 error System Linux 3.13.0-79-generic
57 error command "/home/mh/.nvm/v0.10.37/bin/node" "/home/mh/.nvm/v0.10.37/bin/npm" "install" "socket-io"
58 error cwd /home/mh/ws/node/expressWithNode
59 error node -v v0.10.37
60 error npm -v 1.4.28
61 error code E404
62 verbose exit [ 1, true ]
